<?xml version="1.0" encoding="UTF-8"?>
<testsuite xmlns:xsi="http://www.w3.org/2001/XMLSchema-instance" xsi:noNamespaceSchemaLocation="https://maven.apache.org/surefire/maven-surefire-plugin/xsd/surefire-test-report-3.0.xsd" version="3.0" name="Desktop Checkout for Guest User - Feature 1 #1" time="93.394" tests="1" errors="0" skipped="0" failures="0">
  <properties>
[...]
</properties>
  <testcase name="Proceed to checkout, final review and place order as guest user - Scenario 1" classname="Desktop Checkout for Guest User - Feature 1 #1" time="93.394">
    <system-out><![CDATA[
@Runme
Scenario: Proceed to checkout, final review and place order as guest user - Scenario 1 &amp#27;[90m# src/test/resources/features/DesktopCheckoutForGuestUser1.feature:7&amp#27;[0m
  &amp#27;[32mGiven &amp#27;[0m&amp#27;[32mI open the &amp#27;[0m&amp#27;[32m&amp#27;[1m"Initial home page"&amp#27;[0m                                                 &amp#27;[90m# stepDefs.NavigationSteps.iOpenThe(java.lang.String)&amp#27;[0m
  &amp#27;[32mAnd &amp#27;[0m&amp#27;[32mI am an anonymous customer with clear cookies&amp#27;[0m                                    &amp#27;[90m# stepDefs.MyStepdefs.iAmAnAnonymousCustomerWithClearCookies()&amp#27;[0m
  &amp#27;[32mAnd &amp#27;[0m&amp#27;[32mI search for &amp#27;[0m&amp#27;[32m&amp#27;[1m"Thinking in Java"&amp#27;[0m                                                  &amp#27;[90m# stepDefs.SearchSteps.iSearchFor(java.lang.String)&amp#27;[0m
  &amp#27;[32mAnd &amp#27;[0m&amp#27;[32mI am redirected to a &amp#27;[0m&amp#27;[32m&amp#27;[1m"Search page"&amp#27;[0m                                               &amp#27;[90m# stepDefs.NavigationSteps.iAmRedirectedToA(java.lang.String)&amp#27;[0m
  &amp#27;[32mAnd &amp#27;[0m&amp#27;[32mSearch results contain the following products&amp#27;[0m                                    &amp#27;[90m# stepDefs.SearchSteps.searchResultsContainTheFollowingProducts(java.util.List<java.lang.String>)&amp#27;[0m
  &amp#27;[32mAnd &amp#27;[0m&amp#27;[32mI apply the following search filters:&amp#27;[0m                                            &amp#27;[90m# stepDefs.SearchSteps.iApplyTheFollowingSearchFilters(dto.FilterDto)&amp#27;[0m
  &amp#27;[32mAnd &amp#27;[0m&amp#27;[32mSearch results contain only the following products&amp#27;[0m                               &amp#27;[90m# stepDefs.SearchSteps.searchResultsContainOnlyTheFollowingProducts(java.util.List<java.lang.String>)&amp#27;[0m
  &amp#27;[32mAnd &amp#27;[0m&amp#27;[32mI click 'Add to basket' button for product with name &amp#27;[0m&amp#27;[32m&amp#27;[1m"Thinking in Java"&amp#27;[0m          &amp#27;[90m# stepDefs.SearchSteps.iClickAddToBasketButtonForProductWithName(java.lang.String)&amp#27;[0m
  &amp#27;[32mAnd &amp#27;[0m&amp#27;[32mI select &amp#27;[0m&amp#27;[32m&amp#27;[1m'Basket / Checkout'&amp#27;[0m&amp#27;[32m in basket pop-up&amp#27;[0m                                    &amp#27;[90m# stepDefs.BasketPopUpSteps.iSelectBasketCheckoutInBasketPopUp(java.lang.String)&amp#27;[0m
  &amp#27;[32mAnd &amp#27;[0m&amp#27;[32mI am redirected to a &amp#27;[0m&amp#27;[32m&amp#27;[1m"Basket page"&amp#27;[0m                                               &amp#27;[90m# stepDefs.NavigationSteps.iAmRedirectedToA(java.lang.String)&amp#27;[0m
  &amp#27;[32mAnd &amp#27;[0m&amp#27;[32mBasket order summary is as following:&amp#27;[0m                                            &amp#27;[90m# stepDefs.BasketSteps.basketOrderSummaryIsAsFollowing(dto.BasketSummaryDto)&amp#27;[0m
  &amp#27;[32mAnd &amp#27;[0m&amp#27;[32mI click 'Checkout' button on 'Basket' page&amp#27;[0m                                       &amp#27;[90m# stepDefs.BasketSteps.iClickCheckoutButtonOnBasketPage()&amp#27;[0m
  &amp#27;[32mAnd &amp#27;[0m&amp#27;[32mI checkout as a new customer with email &amp#27;[0m&amp#27;[32m&amp#27;[1m"test@user.com"&amp#27;[0m                          &amp#27;[90m# stepDefs.CheckoutSteps.iCheckoutAsANewCustomerWithEmail(java.lang.String)&amp#27;[0m
  &amp#27;[32mAnd &amp#27;[0m&amp#27;[32mCheckout order summary is as following:&amp#27;[0m                                          &amp#27;[90m# stepDefs.CheckoutSteps.checkoutOrderSummaryIsAsFollowing(dto.MiniBasketDto)&amp#27;[0m
  &amp#27;[32mAnd &amp#27;[0m&amp#27;[32mI fill delivery address information manually:&amp#27;[0m                                    &amp#27;[90m# stepDefs.CheckoutSteps.iFillDeliveryAddressInformationManually(dto.DeliveryAddressDto)&amp#27;[0m
  &amp#27;[32mAnd &amp#27;[0m&amp#27;[32m'Payment' section is disabled for editing&amp#27;[0m                                        &amp#27;[90m# stepDefs.CheckoutSteps.paymentSectionIsDisabledForEditing()&amp#27;[0m
  &amp#27;[32mWhen &amp#27;[0m&amp#27;[32mI press 'Continue to payment' button on checkout&amp#27;[0m                                &amp#27;[90m# stepDefs.CheckoutSteps.iPressContinueToPaymentButtonOnCheckout()&amp#27;[0m
  &amp#27;[32mAnd &amp#27;[0m&amp#27;[32m'Delivery Address' and 'Billing Address' sections are disabled for editing&amp#27;[0m       &amp#27;[90m# stepDefs.CheckoutSteps.deliveryAddressAndBillingAddressSectionsAreDisabledForEditing()&amp#27;[0m
  &amp#27;[32mAnd &amp#27;[0m&amp#27;[32mI enter my card details&amp#27;[0m                                                          &amp#27;[90m# stepDefs.CheckoutSteps.iEnterMyCardDetails(dto.CardDerailsDto)&amp#27;[0m
]]></system-out>
    <system-err><![CDATA[SLF4J: Failed to load class "org.slf4j.impl.StaticLoggerBinder".
SLF4J: Defaulting to no-operation (NOP) logger implementation
SLF4J: See http://www.slf4j.org/codes.html#StaticLoggerBinder for further details.
Starting ChromeDriver 88.0.4324.96 (68dba2d8a0b149a1d3afac56fa74648032bcf46b-refs/branch-heads/4324@{#1784}) on port 13568
Only local connections are allowed.
Please see https://chromedriver.chromium.org/security-considerations for suggestions on keeping ChromeDriver safe.
ChromeDriver was started successfully.
Feb 05, 2021 8:21:37 AM org.openqa.selenium.remote.ProtocolHandshake createSession
INFO: Detected dialect: W3C
]]></system-err>
  </testcase>
</testsuite>